# JRE version: OpenJDK Runtime Environment (17.0.11) (build 17.0.11+0--11852314)
# Java VM: OpenJDK 64-Bit Server VM (17.0.11+0--11852314, mixed mode, tiered, compressed oops, compressed class ptrs, g1 gc, windows-amd64)
GC Precious Log:
 CPUs: 4 total, 4 available
 Memory: 3521M
 Large Page Support: Disabled
 NUMA Support: Disabled
 Compressed Oops: Enabled (32-bit)
 Heap Region Size: 1M
 Heap Min Capacity: 8M
 Heap Initial Capacity: 56M
 Heap Max Capacity: 882M
 Pre-touch: Disabled
 Parallel Workers: 4
 Concurrent Workers: 1
 Concurrent Refinement Workers: 4
 Periodic GC: Disabled
Heap:
 garbage-first heap   total 57344K, used 35073K [0x00000000c8e00000, 0x0000000100000000)
  region size 1024K, 4 young (4096K), 1 survivors (1024K)
 Metaspace       used 52832K, committed 53120K, reserved 1114112K
  class space    used 6281K, committed 6400K, reserved 1048576K
GC Heap History (20 events):
Event: 46.759 GC heap before
{Heap before GC invocations=14 (full 0):
 garbage-first heap   total 40960K, used 30043K [0x00000000c8e00000, 0x0000000100000000)
  region size 1024K, 12 young (12288K), 2 survivors (2048K)
 Metaspace       used 42516K, committed 42752K, reserved 1114112K
  class space    used 5190K, committed 5312K, reserved 1048576K
}
Event: 46.766 GC heap after
{Heap after GC invocations=15 (full 0):
 garbage-first heap   total 40960K, used 21391K [0x00000000c8e00000, 0x0000000100000000)
  region size 1024K, 2 young (2048K), 2 survivors (2048K)
 Metaspace       used 42516K, committed 42752K, reserved 1114112K
  class space    used 5190K, committed 5312K, reserved 1048576K
}
Event: 50.074 GC heap before
{Heap before GC invocations=15 (full 0):
 garbage-first heap   total 40960K, used 30607K [0x00000000c8e00000, 0x0000000100000000)
  region size 1024K, 12 young (12288K), 2 survivors (2048K)
 Metaspace       used 45625K, committed 45888K, reserved 1114112K
  class space    used 5572K, committed 5696K, reserved 1048576K
}
Event: 50.084 GC heap after
{Heap after GC invocations=16 (full 0):
 garbage-first heap   total 40960K, used 22075K [0x00000000c8e00000, 0x0000000100000000)
  region size 1024K, 2 young (2048K), 2 survivors (2048K)
 Metaspace       used 45625K, committed 45888K, reserved 1114112K
  class space    used 5572K, committed 5696K, reserved 1048576K
}
Event: 50.601 GC heap before
{Heap before GC invocations=17 (full 0):
 garbage-first heap   total 40960K, used 24123K [0x00000000c8e00000, 0x0000000100000000)
  region size 1024K, 6 young (6144K), 2 survivors (2048K)
 Metaspace       used 46309K, committed 46528K, reserved 1114112K
  class space    used 5645K, committed 5760K, reserved 1048576K
}
Event: 50.609 GC heap after
{Heap after GC invocations=18 (full 0):
 garbage-first heap   total 40960K, used 22476K [0x00000000c8e00000, 0x0000000100000000)
  region size 1024K, 2 young (2048K), 2 survivors (2048K)
 Metaspace       used 46309K, committed 46528K, reserved 1114112K
  class space    used 5645K, committed 5760K, reserved 1048576K
}
Event: 51.284 GC heap before
{Heap before GC invocations=19 (full 0):
 garbage-first heap   total 45056K, used 32716K [0x00000000c8e00000, 0x0000000100000000)
  region size 1024K, 11 young (11264K), 2 survivors (2048K)
 Metaspace       used 47048K, committed 47232K, reserved 1114112K
  class space    used 5728K, committed 5824K, reserved 1048576K
}
Event: 51.297 GC heap after
{Heap after GC invocations=20 (full 0):
 garbage-first heap   total 45056K, used 26736K [0x00000000c8e00000, 0x0000000100000000)
  region size 1024K, 2 young (2048K), 2 survivors (2048K)
 Metaspace       used 47048K, committed 47232K, reserved 1114112K
  class space    used 5728K, committed 5824K, reserved 1048576K
}
Event: 51.333 GC heap before
{Heap before GC invocations=20 (full 0):
 garbage-first heap   total 45056K, used 27760K [0x00000000c8e00000, 0x0000000100000000)
  region size 1024K, 3 young (3072K), 2 survivors (2048K)
 Metaspace       used 47090K, committed 47296K, reserved 1114112K
  class space    used 5731K, committed 5824K, reserved 1048576K
}
Event: 51.347 GC heap after
{Heap after GC invocations=21 (full 0):
 garbage-first heap   total 45056K, used 26502K [0x00000000c8e00000, 0x0000000100000000)
  region size 1024K, 1 young (1024K), 1 survivors (1024K)
 Metaspace       used 47090K, committed 47296K, reserved 1114112K
  class space    used 5731K, committed 5824K, reserved 1048576K
}
Event: 53.303 GC heap before
{Heap before GC invocations=21 (full 0):
 garbage-first heap   total 45056K, used 33670K [0x00000000c8e00000, 0x0000000100000000)
  region size 1024K, 9 young (9216K), 1 survivors (1024K)
 Metaspace       used 48808K, committed 49024K, reserved 1114112K
  class space    used 5948K, committed 6016K, reserved 1048576K
}
Event: 53.319 GC heap after
{Heap after GC invocations=22 (full 0):
 garbage-first heap   total 45056K, used 27548K [0x00000000c8e00000, 0x0000000100000000)
  region size 1024K, 2 young (2048K), 2 survivors (2048K)
 Metaspace       used 48808K, committed 49024K, reserved 1114112K
  class space    used 5948K, committed 6016K, reserved 1048576K
}
Event: 53.968 GC heap before
{Heap before GC invocations=23 (full 0):
 garbage-first heap   total 50176K, used 33692K [0x00000000c8e00000, 0x0000000100000000)
  region size 1024K, 9 young (9216K), 2 survivors (2048K)
 Metaspace       used 50602K, committed 50816K, reserved 1114112K
  class space    used 6143K, committed 6208K, reserved 1048576K
}
Event: 53.976 GC heap after
{Heap after GC invocations=24 (full 0):
 garbage-first heap   total 50176K, used 28135K [0x00000000c8e00000, 0x0000000100000000)
  region size 1024K, 1 young (1024K), 1 survivors (1024K)
 Metaspace       used 50602K, committed 50816K, reserved 1114112K
  class space    used 6143K, committed 6208K, reserved 1048576K
}
Event: 55.491 GC heap before
{Heap before GC invocations=24 (full 0):
 garbage-first heap   total 50176K, used 39399K [0x00000000c8e00000, 0x0000000100000000)
  region size 1024K, 12 young (12288K), 1 survivors (1024K)
 Metaspace       used 51760K, committed 51968K, reserved 1114112K
  class space    used 6238K, committed 6336K, reserved 1048576K
}
Event: 55.506 GC heap after
{Heap after GC invocations=25 (full 0):
 garbage-first heap   total 50176K, used 30544K [0x00000000c8e00000, 0x0000000100000000)
  region size 1024K, 2 young (2048K), 2 survivors (2048K)
 Metaspace       used 51760K, committed 51968K, reserved 1114112K
  class space    used 6238K, committed 6336K, reserved 1048576K
}
Event: 56.835 GC heap before
{Heap before GC invocations=26 (full 0):
 garbage-first heap   total 53248K, used 38736K [0x00000000c8e00000, 0x0000000100000000)
  region size 1024K, 10 young (10240K), 2 survivors (2048K)
 Metaspace       used 52561K, committed 52736K, reserved 1114112K
  class space    used 6272K, committed 6336K, reserved 1048576K
}
Event: 56.849 GC heap after
{Heap after GC invocations=27 (full 0):
 garbage-first heap   total 53248K, used 31984K [0x00000000c8e00000, 0x0000000100000000)
  region size 1024K, 2 young (2048K), 2 survivors (2048K)
 Metaspace       used 52561K, committed 52736K, reserved 1114112K
  class space    used 6272K, committed 6336K, reserved 1048576K
}
Event: 57.184 GC heap before
{Heap before GC invocations=27 (full 0):
 garbage-first heap   total 53248K, used 35056K [0x00000000c8e00000, 0x0000000100000000)
  region size 1024K, 6 young (6144K), 2 survivors (2048K)
 Metaspace       used 52808K, committed 53120K, reserved 1114112K
  class space    used 6281K, committed 6400K, reserved 1048576K
}
Event: 57.192 GC heap after
{Heap after GC invocations=28 (full 0):
 garbage-first heap   total 53248K, used 33025K [0x00000000c8e00000, 0x0000000100000000)
  region size 1024K, 1 young (1024K), 1 survivors (1024K)
 Metaspace       used 52808K, committed 53120K, reserved 1114112K
  class space    used 6281K, committed 6400K, reserved 1048576K
}

