# JRE version: OpenJDK Runtime Environment (17.0.11) (build 17.0.11+0--11852314)
# Java VM: OpenJDK 64-Bit Server VM (17.0.11+0--11852314, mixed mode, tiered, compressed oops, compressed class ptrs, g1 gc, windows-amd64)
GC Precious Log:
 CPUs: 4 total, 4 available
 Memory: 3521M
 Large Page Support: Disabled
 NUMA Support: Disabled
 Compressed Oops: Enabled (32-bit)
 Heap Region Size: 1M
 Heap Min Capacity: 8M
 Heap Initial Capacity: 56M
 Heap Max Capacity: 882M
 Pre-touch: Disabled
 Parallel Workers: 4
 Concurrent Workers: 1
 Concurrent Refinement Workers: 4
 Periodic GC: Disabled
Heap:
 garbage-first heap   total 81920K, used 49361K [0x00000000c8e00000, 0x0000000100000000)
  region size 1024K, 3 young (3072K), 3 survivors (3072K)
 Metaspace       used 64593K, committed 64896K, reserved 1114112K
  class space    used 7527K, committed 7680K, reserved 1048576K
GC Heap History (20 events):
Event: 23.177 GC heap after
{Heap after GC invocations=26 (full 0):
 garbage-first heap   total 76800K, used 36702K [0x00000000c8e00000, 0x0000000100000000)
  region size 1024K, 2 young (2048K), 2 survivors (2048K)
 Metaspace       used 52695K, committed 52928K, reserved 1114112K
  class space    used 6280K, committed 6336K, reserved 1048576K
}
Event: 25.318 GC heap before
{Heap before GC invocations=26 (full 0):
 garbage-first heap   total 76800K, used 57182K [0x00000000c8e00000, 0x0000000100000000)
  region size 1024K, 22 young (22528K), 2 survivors (2048K)
 Metaspace       used 52835K, committed 53120K, reserved 1114112K
  class space    used 6283K, committed 6400K, reserved 1048576K
}
Event: 25.327 GC heap after
{Heap after GC invocations=27 (full 0):
 garbage-first heap   total 76800K, used 37508K [0x00000000c8e00000, 0x0000000100000000)
  region size 1024K, 3 young (3072K), 3 survivors (3072K)
 Metaspace       used 52835K, committed 53120K, reserved 1114112K
  class space    used 6283K, committed 6400K, reserved 1048576K
}
Event: 27.450 GC heap before
{Heap before GC invocations=28 (full 0):
 garbage-first heap   total 76800K, used 56964K [0x00000000c8e00000, 0x0000000100000000)
  region size 1024K, 22 young (22528K), 3 survivors (3072K)
 Metaspace       used 54286K, committed 54528K, reserved 1114112K
  class space    used 6440K, committed 6528K, reserved 1048576K
}
Event: 27.466 GC heap after
{Heap after GC invocations=29 (full 0):
 garbage-first heap   total 76800K, used 39936K [0x00000000c8e00000, 0x0000000100000000)
  region size 1024K, 3 young (3072K), 3 survivors (3072K)
 Metaspace       used 54286K, committed 54528K, reserved 1114112K
  class space    used 6440K, committed 6528K, reserved 1048576K
}
Event: 27.493 GC heap before
{Heap before GC invocations=29 (full 0):
 garbage-first heap   total 76800K, used 40960K [0x00000000c8e00000, 0x0000000100000000)
  region size 1024K, 4 young (4096K), 3 survivors (3072K)
 Metaspace       used 54290K, committed 54528K, reserved 1114112K
  class space    used 6440K, committed 6528K, reserved 1048576K
}
Event: 27.500 GC heap after
{Heap after GC invocations=30 (full 0):
 garbage-first heap   total 76800K, used 39631K [0x00000000c8e00000, 0x0000000100000000)
  region size 1024K, 1 young (1024K), 1 survivors (1024K)
 Metaspace       used 54290K, committed 54528K, reserved 1114112K
  class space    used 6440K, committed 6528K, reserved 1048576K
}
Event: 29.100 GC heap before
{Heap before GC invocations=30 (full 0):
 garbage-first heap   total 76800K, used 58063K [0x00000000c8e00000, 0x0000000100000000)
  region size 1024K, 19 young (19456K), 1 survivors (1024K)
 Metaspace       used 55005K, committed 55232K, reserved 1114112K
  class space    used 6508K, committed 6592K, reserved 1048576K
}
Event: 29.111 GC heap after
{Heap after GC invocations=31 (full 0):
 garbage-first heap   total 76800K, used 41983K [0x00000000c8e00000, 0x0000000100000000)
  region size 1024K, 3 young (3072K), 3 survivors (3072K)
 Metaspace       used 55005K, committed 55232K, reserved 1114112K
  class space    used 6508K, committed 6592K, reserved 1048576K
}
Event: 30.870 GC heap before
{Heap before GC invocations=32 (full 0):
 garbage-first heap   total 80896K, used 59391K [0x00000000c8e00000, 0x0000000100000000)
  region size 1024K, 20 young (20480K), 3 survivors (3072K)
 Metaspace       used 55690K, committed 55872K, reserved 1114112K
  class space    used 6568K, committed 6656K, reserved 1048576K
}
Event: 30.885 GC heap after
{Heap after GC invocations=33 (full 0):
 garbage-first heap   total 80896K, used 43835K [0x00000000c8e00000, 0x0000000100000000)
  region size 1024K, 2 young (2048K), 2 survivors (2048K)
 Metaspace       used 55690K, committed 55872K, reserved 1114112K
  class space    used 6568K, committed 6656K, reserved 1048576K
}
Event: 31.181 GC heap before
{Heap before GC invocations=33 (full 0):
 garbage-first heap   total 80896K, used 44859K [0x00000000c8e00000, 0x0000000100000000)
  region size 1024K, 3 young (3072K), 2 survivors (2048K)
 Metaspace       used 55713K, committed 55936K, reserved 1114112K
  class space    used 6568K, committed 6656K, reserved 1048576K
}
Event: 31.191 GC heap after
{Heap after GC invocations=34 (full 0):
 garbage-first heap   total 80896K, used 43756K [0x00000000c8e00000, 0x0000000100000000)
  region size 1024K, 1 young (1024K), 1 survivors (1024K)
 Metaspace       used 55713K, committed 55936K, reserved 1114112K
  class space    used 6568K, committed 6656K, reserved 1048576K
}
Event: 33.313 GC heap before
{Heap before GC invocations=34 (full 0):
 garbage-first heap   total 80896K, used 62188K [0x00000000c8e00000, 0x0000000100000000)
  region size 1024K, 20 young (20480K), 1 survivors (1024K)
 Metaspace       used 58311K, committed 58560K, reserved 1114112K
  class space    used 6850K, committed 6912K, reserved 1048576K
}
Event: 33.323 GC heap after
{Heap after GC invocations=35 (full 0):
 garbage-first heap   total 80896K, used 45722K [0x00000000c8e00000, 0x0000000100000000)
  region size 1024K, 3 young (3072K), 3 survivors (3072K)
 Metaspace       used 58311K, committed 58560K, reserved 1114112K
  class space    used 6850K, committed 6912K, reserved 1048576K
}
Event: 35.012 GC heap before
{Heap before GC invocations=36 (full 0):
 garbage-first heap   total 81920K, used 62106K [0x00000000c8e00000, 0x0000000100000000)
  region size 1024K, 20 young (20480K), 3 survivors (3072K)
 Metaspace       used 61368K, committed 61632K, reserved 1114112K
  class space    used 7155K, committed 7232K, reserved 1048576K
}
Event: 35.024 GC heap after
{Heap after GC invocations=37 (full 0):
 garbage-first heap   total 81920K, used 47646K [0x00000000c8e00000, 0x0000000100000000)
  region size 1024K, 2 young (2048K), 2 survivors (2048K)
 Metaspace       used 61368K, committed 61632K, reserved 1114112K
  class space    used 7155K, committed 7232K, reserved 1048576K
}
Event: 35.158 GC heap before
{Heap before GC invocations=37 (full 0):
 garbage-first heap   total 81920K, used 48670K [0x00000000c8e00000, 0x0000000100000000)
  region size 1024K, 4 young (4096K), 2 survivors (2048K)
 Metaspace       used 61835K, committed 62080K, reserved 1114112K
  class space    used 7186K, committed 7296K, reserved 1048576K
}
Event: 35.165 GC heap after
{Heap after GC invocations=38 (full 0):
 garbage-first heap   total 81920K, used 47559K [0x00000000c8e00000, 0x0000000100000000)
  region size 1024K, 1 young (1024K), 1 survivors (1024K)
 Metaspace       used 61835K, committed 62080K, reserved 1114112K
  class space    used 7186K, committed 7296K, reserved 1048576K
}
Event: 37.213 GC heap before
{Heap before GC invocations=38 (full 0):
 garbage-first heap   total 81920K, used 64967K [0x00000000c8e00000, 0x0000000100000000)
  region size 1024K, 18 young (18432K), 1 survivors (1024K)
 Metaspace       used 64593K, committed 64896K, reserved 1114112K
  class space    used 7527K, committed 7680K, reserved 1048576K
}

